<?xml version="1.0" encoding="UTF-8"?>
<!-- Generated by org.testng.reporters.JUnitXMLReporter -->
<testsuite hostname="DIN35003570" ignored="0" name="Book Twoway ticket Test2" tests="3" failures="0" timestamp="10 Jan 2019 13:45:36 GMT" time="1.0" errors="0">
  <testcase name="LottoPlay_QuickPickTest" time="0.029" classname="com.test.sogeti.ie.pom.testcases.LottoPlay_QuickPickTest">
    <skipped/>
  </testcase> <!-- LottoPlay_QuickPickTest -->
  <testcase name="LottoPlay_QuickPickTest" time="0.1" classname="com.test.sogeti.ie.pom.testcases.LottoPlay_QuickPickTest">
    <skipped/>
  </testcase> <!-- LottoPlay_QuickPickTest -->
  <testcase name="LottoPlay_QuickPickTest" time="0.069" classname="com.test.sogeti.ie.pom.testcases.LottoPlay_QuickPickTest">
    <skipped/>
  </testcase> <!-- LottoPlay_QuickPickTest -->
</testsuite> <!-- Book Twoway ticket Test2 -->
