<?xml version="1.0" encoding="UTF-8"?>
<!-- Generated by org.testng.reporters.JUnitXMLReporter -->
<testsuite hostname="DIN35003570" ignored="0" name="Book Twoway ticket Test1" tests="3" failures="0" timestamp="09 Jan 2019 12:58:11 GMT" time="1.035" errors="0">
  <testcase name="WithdrawFundTransferTest" time="0.016" classname="com.test.sogeti.ie.pom.testcases.WithdrawFundTransferTest">
    <skipped/>
  </testcase> <!-- WithdrawFundTransferTest -->
  <testcase name="WithdrawFundTransferTest" time="0.002" classname="com.test.sogeti.ie.pom.testcases.WithdrawFundTransferTest">
    <skipped/>
  </testcase> <!-- WithdrawFundTransferTest -->
  <testcase name="WithdrawFundTransferTest" time="0.001" classname="com.test.sogeti.ie.pom.testcases.WithdrawFundTransferTest">
    <skipped/>
  </testcase> <!-- WithdrawFundTransferTest -->
</testsuite> <!-- Book Twoway ticket Test1 -->
