<?xml version="1.0" encoding="UTF-8"?>
<!-- Generated by org.testng.reporters.JUnitXMLReporter -->
<testsuite hostname="DIN35003570" ignored="0" name="Book Twoway ticket Test3" tests="3" failures="0" timestamp="10 Jan 2019 13:45:36 GMT" time="0.308" errors="0">
  <testcase name="LottoPlay_SelectNumberTest" time="0.048" classname="com.test.sogeti.ie.pom.testcases.LottoPlay_SelectNumberTest">
    <skipped/>
  </testcase> <!-- LottoPlay_SelectNumberTest -->
  <testcase name="LottoPlay_SelectNumberTest" time="0.001" classname="com.test.sogeti.ie.pom.testcases.LottoPlay_SelectNumberTest">
    <skipped/>
  </testcase> <!-- LottoPlay_SelectNumberTest -->
  <testcase name="LottoPlay_SelectNumberTest" time="0.007" classname="com.test.sogeti.ie.pom.testcases.LottoPlay_SelectNumberTest">
    <skipped/>
  </testcase> <!-- LottoPlay_SelectNumberTest -->
</testsuite> <!-- Book Twoway ticket Test3 -->
