<?xml version="1.0" encoding="UTF-8"?>
<!-- Generated by org.testng.reporters.JUnitXMLReporter -->
<testsuite hostname="DIN35003570" ignored="0" name="Book Twoway ticket Test4" tests="3" failures="1" timestamp="09 Jan 2019 12:59:53 GMT" time="101.644" errors="0">
  <testcase name="LottoPlay_RandomNumberTest" time="100.318" classname="com.test.sogeti.ie.pom.testcases.LottoPlay_RandomNumberTest">
    <failure type="java.lang.AssertionError" message="Login Failed Expected condition failed: waiting for element to be clickable: By.xpath: //*[@id=&amp;apos;header-component&amp;apos;]/header/nav[2]/div[1]/div/ul/li[5]/a (tried for 40 second(s) with 500 milliseconds interval)">
      <![CDATA[java.lang.AssertionError: Login Failed Expected condition failed: waiting for element to be clickable: By.xpath: //*[@id='header-component']/header/nav[2]/div[1]/div/ul/li[5]/a (tried for 40 second(s) with 500 milliseconds interval)
at com.test.sogeti.ie.pom.base.BasePage.reportFailure(BasePage.java:148)
at com.test.sogeti.ie.pom.pages.LoginPage.doLogin(LoginPage.java:131)
at com.test.sogeti.ie.pom.testcases.LottoPlay_RandomNumberTest.LottoPlay_RandomNumberTest(LottoPlay_RandomNumberTest.java:46)
at java.util.concurrent.FutureTask.run(Unknown Source)
at java.util.concurrent.ThreadPoolExecutor.runWorker(Unknown Source)
at java.util.concurrent.ThreadPoolExecutor$Worker.run(Unknown Source)
at java.lang.Thread.run(Unknown Source)
... Removed 17 stack frames]]>
    </failure>
  </testcase> <!-- LottoPlay_RandomNumberTest -->
  <testcase name="LottoPlay_RandomNumberTest" time="0.001" classname="com.test.sogeti.ie.pom.testcases.LottoPlay_RandomNumberTest">
    <skipped/>
  </testcase> <!-- LottoPlay_RandomNumberTest -->
  <testcase name="LottoPlay_RandomNumberTest" time="0.001" classname="com.test.sogeti.ie.pom.testcases.LottoPlay_RandomNumberTest">
    <skipped/>
  </testcase> <!-- LottoPlay_RandomNumberTest -->
</testsuite> <!-- Book Twoway ticket Test4 -->
