<?xml version="1.0" encoding="UTF-8"?>
<!-- Generated by org.testng.reporters.JUnitXMLReporter -->
<testsuite hostname="DIN35003570" ignored="0" name="DailyMillionPlay_QuickPickTest" tests="3" failures="0" timestamp="10 Jan 2019 13:45:37 GMT" time="0.675" errors="0">
  <testcase name="DailyMillionPlay_QuickPickTest" time="0.027" classname="com.test.sogeti.ie.pom.testcases.DailyMillionPlay_QuickPickTest">
    <skipped/>
  </testcase> <!-- DailyMillionPlay_QuickPickTest -->
  <testcase name="DailyMillionPlay_QuickPickTest" time="0.003" classname="com.test.sogeti.ie.pom.testcases.DailyMillionPlay_QuickPickTest">
    <skipped/>
  </testcase> <!-- DailyMillionPlay_QuickPickTest -->
  <testcase name="DailyMillionPlay_QuickPickTest" time="0.002" classname="com.test.sogeti.ie.pom.testcases.DailyMillionPlay_QuickPickTest">
    <skipped/>
  </testcase> <!-- DailyMillionPlay_QuickPickTest -->
</testsuite> <!-- DailyMillionPlay_QuickPickTest -->
