<?xml version="1.0" encoding="UTF-8"?>
<!-- Generated by org.testng.reporters.JUnitXMLReporter -->
<testsuite hostname="DIN35003570" ignored="0" name="E2E_DBG_PLITest" tests="6" failures="0" timestamp="10 Jan 2019 13:45:37 GMT" time="0.453" errors="0">
  <testcase name="LottoPlay_SelectNumberTest" time="0.022" classname="com.test.sogeti.ie.pom.testcases.E2E_DBG_PLITest">
    <skipped/>
  </testcase> <!-- LottoPlay_SelectNumberTest -->
  <testcase name="LottoPlay_SelectNumberTest" time="0.003" classname="com.test.sogeti.ie.pom.testcases.E2E_DBG_PLITest">
    <skipped/>
  </testcase> <!-- LottoPlay_SelectNumberTest -->
  <testcase name="LottoPlay_SelectNumberTest" time="0.031" classname="com.test.sogeti.ie.pom.testcases.E2E_DBG_PLITest">
    <skipped/>
  </testcase> <!-- LottoPlay_SelectNumberTest -->
  <testcase name="LottoPlay_SelectNumberTest" time="0.002" classname="com.test.sogeti.ie.pom.testcases.E2E_DBG_PLITest">
    <skipped/>
  </testcase> <!-- LottoPlay_SelectNumberTest -->
  <testcase name="LottoPlay_SelectNumberTest" time="0.002" classname="com.test.sogeti.ie.pom.testcases.E2E_DBG_PLITest">
    <skipped/>
  </testcase> <!-- LottoPlay_SelectNumberTest -->
  <testcase name="LottoPlay_SelectNumberTest" time="0.002" classname="com.test.sogeti.ie.pom.testcases.E2E_DBG_PLITest">
    <skipped/>
  </testcase> <!-- LottoPlay_SelectNumberTest -->
</testsuite> <!-- E2E_DBG_PLITest -->
