<?xml version="1.0" encoding="UTF-8"?>
<!-- Generated by org.testng.reporters.JUnitXMLReporter -->
<testsuite hostname="DIN35003570" ignored="0" name="EuroPlay_SelectNumberTest" tests="3" failures="0" timestamp="10 Jan 2019 13:45:36 GMT" time="1.411" errors="0">
  <testcase name="EuroPlay_SelectNumberTest" time="0.557" classname="com.test.sogeti.ie.pom.testcases.EuroPlay_SelectNumberTest">
    <skipped/>
  </testcase> <!-- EuroPlay_SelectNumberTest -->
  <testcase name="EuroPlay_SelectNumberTest" time="0.002" classname="com.test.sogeti.ie.pom.testcases.EuroPlay_SelectNumberTest">
    <skipped/>
  </testcase> <!-- EuroPlay_SelectNumberTest -->
  <testcase name="EuroPlay_SelectNumberTest" time="0.002" classname="com.test.sogeti.ie.pom.testcases.EuroPlay_SelectNumberTest">
    <skipped/>
  </testcase> <!-- EuroPlay_SelectNumberTest -->
</testsuite> <!-- EuroPlay_SelectNumberTest -->
