<?xml version="1.0" encoding="UTF-8"?>
<!-- Generated by org.testng.reporters.JUnitXMLReporter -->
<testsuite hostname="DIN35003570" ignored="0" name="IWG_MoneyMultipliersDigital20XTest" tests="3" failures="0" timestamp="10 Jan 2019 13:48:07 GMT" time="152.458" errors="0">
  <testcase name="IWG_MoneyMultipliersDigital20XTest" time="150.838" classname="com.test.sogeti.ie.pom.testcases.IWG_MoneyMultipliersDigital20XTest"/>
  <testcase name="IWG_MoneyMultipliersDigital20XTest" time="0.002" classname="com.test.sogeti.ie.pom.testcases.IWG_MoneyMultipliersDigital20XTest">
    <skipped/>
  </testcase> <!-- IWG_MoneyMultipliersDigital20XTest -->
  <testcase name="IWG_MoneyMultipliersDigital20XTest" time="0.001" classname="com.test.sogeti.ie.pom.testcases.IWG_MoneyMultipliersDigital20XTest">
    <skipped/>
  </testcase> <!-- IWG_MoneyMultipliersDigital20XTest -->
</testsuite> <!-- IWG_MoneyMultipliersDigital20XTest -->
