<?xml version="1.0" encoding="UTF-8"?>
<!-- Generated by org.testng.reporters.JUnitXMLReporter -->
<testsuite hostname="DIN35003570" ignored="0" name="IWG_LuckInLoveTest" tests="4" failures="0" timestamp="10 Jan 2019 13:45:36 GMT" time="1.63" errors="0">
  <testcase name="IWG_LuckInLoveTest" time="0.463" classname="com.test.sogeti.ie.pom.testcases.IWG_LuckInLoveTest">
    <skipped/>
  </testcase> <!-- IWG_LuckInLoveTest -->
  <testcase name="IWG_LuckInLoveTest" time="0.113" classname="com.test.sogeti.ie.pom.testcases.IWG_LuckInLoveTest">
    <skipped/>
  </testcase> <!-- IWG_LuckInLoveTest -->
  <testcase name="IWG_LuckInLoveTest" time="0.001" classname="com.test.sogeti.ie.pom.testcases.IWG_LuckInLoveTest">
    <skipped/>
  </testcase> <!-- IWG_LuckInLoveTest -->
  <testcase name="IWG_LuckInLoveTest" time="0.002" classname="com.test.sogeti.ie.pom.testcases.IWG_LuckInLoveTest">
    <skipped/>
  </testcase> <!-- IWG_LuckInLoveTest -->
</testsuite> <!-- IWG_LuckInLoveTest -->
