<?xml version="1.0" encoding="UTF-8"?>
<!-- Generated by org.testng.reporters.JUnitXMLReporter -->
<testsuite hostname="DIN35003570" ignored="0" name="LottoPlay_NonLoggedInUser_SelectNumberTest" tests="3" failures="0" timestamp="10 Jan 2019 13:45:37 GMT" time="0.756" errors="0">
  <testcase name="LottoPlay_NonLoggedInUser_SelectNumberTest" time="0.123" classname="com.test.sogeti.ie.pom.testcases.LottoPlay_NonLoggedInUser_SelectNumberTest">
    <skipped/>
  </testcase> <!-- LottoPlay_NonLoggedInUser_SelectNumberTest -->
  <testcase name="LottoPlay_NonLoggedInUser_SelectNumberTest" time="0.001" classname="com.test.sogeti.ie.pom.testcases.LottoPlay_NonLoggedInUser_SelectNumberTest">
    <skipped/>
  </testcase> <!-- LottoPlay_NonLoggedInUser_SelectNumberTest -->
  <testcase name="LottoPlay_NonLoggedInUser_SelectNumberTest" time="0.179" classname="com.test.sogeti.ie.pom.testcases.LottoPlay_NonLoggedInUser_SelectNumberTest">
    <skipped/>
  </testcase> <!-- LottoPlay_NonLoggedInUser_SelectNumberTest -->
</testsuite> <!-- LottoPlay_NonLoggedInUser_SelectNumberTest -->
