<?xml version="1.0" encoding="UTF-8"?>
<!-- Generated by org.testng.reporters.JUnitXMLReporter -->
<testsuite hostname="DIN35003570" ignored="0" name="LottoPlay_NonLoggedInUser_QuickPickTest" tests="3" failures="0" timestamp="10 Jan 2019 13:45:36 GMT" time="0.276" errors="0">
  <testcase name="LottoPlay_NonLoggedInUser_QuickPickTest" time="0.193" classname="com.test.sogeti.ie.pom.testcases.LottoPlay_NonLoggedInUser_QuickPickTest">
    <skipped/>
  </testcase> <!-- LottoPlay_NonLoggedInUser_QuickPickTest -->
  <testcase name="LottoPlay_NonLoggedInUser_QuickPickTest" time="0.001" classname="com.test.sogeti.ie.pom.testcases.LottoPlay_NonLoggedInUser_QuickPickTest">
    <skipped/>
  </testcase> <!-- LottoPlay_NonLoggedInUser_QuickPickTest -->
  <testcase name="LottoPlay_NonLoggedInUser_QuickPickTest" time="0.002" classname="com.test.sogeti.ie.pom.testcases.LottoPlay_NonLoggedInUser_QuickPickTest">
    <skipped/>
  </testcase> <!-- LottoPlay_NonLoggedInUser_QuickPickTest -->
</testsuite> <!-- LottoPlay_NonLoggedInUser_QuickPickTest -->
