<?xml version="1.0" encoding="UTF-8"?>
<!-- Generated by org.testng.reporters.JUnitXMLReporter -->
<testsuite hostname="DIN35003570" ignored="0" name="LottoPlay_MyLastTicketTest" tests="3" failures="0" timestamp="10 Jan 2019 13:45:37 GMT" time="0.715" errors="0">
  <testcase name="LottoPlay_MyLastTicketTest" time="0.311" classname="com.test.sogeti.ie.pom.testcases.LottoPlay_MyLastTicketTest">
    <skipped/>
  </testcase> <!-- LottoPlay_MyLastTicketTest -->
  <testcase name="LottoPlay_MyLastTicketTest" time="0.006" classname="com.test.sogeti.ie.pom.testcases.LottoPlay_MyLastTicketTest">
    <skipped/>
  </testcase> <!-- LottoPlay_MyLastTicketTest -->
  <testcase name="LottoPlay_MyLastTicketTest" time="0.177" classname="com.test.sogeti.ie.pom.testcases.LottoPlay_MyLastTicketTest">
    <skipped/>
  </testcase> <!-- LottoPlay_MyLastTicketTest -->
</testsuite> <!-- LottoPlay_MyLastTicketTest -->
