<?xml version="1.0" encoding="UTF-8"?>
<!-- Generated by org.testng.reporters.JUnitXMLReporter -->
<testsuite hostname="DIN35003570" ignored="0" name="LottoPlay_RandomNumberTest" tests="3" failures="0" timestamp="10 Jan 2019 13:45:36 GMT" time="0.967" errors="0">
  <testcase name="LottoPlay_RandomNumberTest" time="0.031" classname="com.test.sogeti.ie.pom.testcases.LottoPlay_RandomNumberTest">
    <skipped/>
  </testcase> <!-- LottoPlay_RandomNumberTest -->
  <testcase name="LottoPlay_RandomNumberTest" time="0.002" classname="com.test.sogeti.ie.pom.testcases.LottoPlay_RandomNumberTest">
    <skipped/>
  </testcase> <!-- LottoPlay_RandomNumberTest -->
  <testcase name="LottoPlay_RandomNumberTest" time="0.002" classname="com.test.sogeti.ie.pom.testcases.LottoPlay_RandomNumberTest">
    <skipped/>
  </testcase> <!-- LottoPlay_RandomNumberTest -->
</testsuite> <!-- LottoPlay_RandomNumberTest -->
