<?xml version="1.0" encoding="UTF-8"?>
<!-- Generated by org.testng.reporters.JUnitXMLReporter -->
<testsuite hostname="DIN35003570" ignored="0" name="LottoPlay_DuplicateSelectNumberTest" tests="3" failures="0" timestamp="10 Jan 2019 13:45:37 GMT" time="0.275" errors="0">
  <testcase name="LottoPlay_DuplicateSelectNumberTest" time="0.001" classname="com.test.sogeti.ie.pom.testcases.LottoPlay_DuplicateSelectNumberTest">
    <skipped/>
  </testcase> <!-- LottoPlay_DuplicateSelectNumberTest -->
  <testcase name="LottoPlay_DuplicateSelectNumberTest" time="0.002" classname="com.test.sogeti.ie.pom.testcases.LottoPlay_DuplicateSelectNumberTest">
    <skipped/>
  </testcase> <!-- LottoPlay_DuplicateSelectNumberTest -->
  <testcase name="LottoPlay_DuplicateSelectNumberTest" time="0.003" classname="com.test.sogeti.ie.pom.testcases.LottoPlay_DuplicateSelectNumberTest">
    <skipped/>
  </testcase> <!-- LottoPlay_DuplicateSelectNumberTest -->
</testsuite> <!-- LottoPlay_DuplicateSelectNumberTest -->
